0 info it worked if it ends with ok
1 verbose cli [ 'C:\\Program Files\\nodejs\\node.exe',
1 verbose cli   'C:\\Program Files (x86)\\Nodist\\bin\\node_modules\\npm\\bin\\npm-cli.js',
1 verbose cli   'install',
1 verbose cli   'hubot-slack',
1 verbose cli   '--save',
1 verbose cli   'hubot-slack@2.1.0',
1 verbose cli   'node_moduleshubot-slack' ]
2 info using npm@4.0.5
3 info using node@v7.3.0
4 silly loadCurrentTree Starting
5 silly install loadCurrentTree
6 silly install readLocalPackageData
7 silly fetchPackageMetaData hubot-slack@^4.2.2
8 silly fetchPackageMetaData hubot-slack@2.1.0
9 silly fetchPackageMetaData node_moduleshubot-slack
10 silly fetchNamedPackageData hubot-slack
11 silly mapToRegistry name hubot-slack
12 silly mapToRegistry using default registry
13 silly mapToRegistry registry https://registry.npmjs.org/
14 silly mapToRegistry data Result {
14 silly mapToRegistry   raw: 'hubot-slack',
14 silly mapToRegistry   scope: null,
14 silly mapToRegistry   escapedName: 'hubot-slack',
14 silly mapToRegistry   name: 'hubot-slack',
14 silly mapToRegistry   rawSpec: '',
14 silly mapToRegistry   spec: 'latest',
14 silly mapToRegistry   type: 'tag' }
15 silly mapToRegistry uri https://registry.npmjs.org/hubot-slack
16 silly fetchNamedPackageData hubot-slack
17 silly mapToRegistry name hubot-slack
18 silly mapToRegistry using default registry
19 silly mapToRegistry registry https://registry.npmjs.org/
20 silly mapToRegistry data Result {
20 silly mapToRegistry   raw: 'hubot-slack',
20 silly mapToRegistry   scope: null,
20 silly mapToRegistry   escapedName: 'hubot-slack',
20 silly mapToRegistry   name: 'hubot-slack',
20 silly mapToRegistry   rawSpec: '',
20 silly mapToRegistry   spec: 'latest',
20 silly mapToRegistry   type: 'tag' }
21 silly mapToRegistry uri https://registry.npmjs.org/hubot-slack
22 silly fetchNamedPackageData node_moduleshubot-slack
23 silly mapToRegistry name node_moduleshubot-slack
24 silly mapToRegistry using default registry
25 silly mapToRegistry registry https://registry.npmjs.org/
26 silly mapToRegistry data Result {
26 silly mapToRegistry   raw: 'node_moduleshubot-slack',
26 silly mapToRegistry   scope: null,
26 silly mapToRegistry   escapedName: 'node_moduleshubot-slack',
26 silly mapToRegistry   name: 'node_moduleshubot-slack',
26 silly mapToRegistry   rawSpec: '',
26 silly mapToRegistry   spec: 'latest',
26 silly mapToRegistry   type: 'tag' }
27 silly mapToRegistry uri https://registry.npmjs.org/node_moduleshubot-slack
28 verbose request uri https://registry.npmjs.org/node_moduleshubot-slack
29 verbose request no auth needed
30 info attempt registry request try #1 at 16:14:39
31 verbose request id 7b0f7fa3861520b5
32 http request GET https://registry.npmjs.org/node_moduleshubot-slack
33 verbose request uri https://registry.npmjs.org/hubot-slack
34 verbose request no auth needed
35 info attempt registry request try #1 at 16:14:39
36 verbose etag W/"5824ff3e-f68f"
37 verbose lastModified Thu, 10 Nov 2016 23:14:06 GMT
38 http request GET https://registry.npmjs.org/hubot-slack
39 verbose request uri https://registry.npmjs.org/hubot-slack
40 verbose request no auth needed
41 info attempt registry request try #1 at 16:14:39
42 verbose etag W/"5824ff3e-f68f"
43 verbose lastModified Thu, 10 Nov 2016 23:14:06 GMT
44 http request GET https://registry.npmjs.org/hubot-slack
45 http 304 https://registry.npmjs.org/hubot-slack
46 verbose headers { date: 'Wed, 28 Dec 2016 07:14:26 GMT',
46 verbose headers   via: '1.1 varnish',
46 verbose headers   'cache-control': 'max-age=300',
46 verbose headers   etag: 'W/"5824ff3e-f68f"',
46 verbose headers   age: '73',
46 verbose headers   connection: 'keep-alive',
46 verbose headers   'x-served-by': 'cache-nrt6127-NRT',
46 verbose headers   'x-cache': 'HIT',
46 verbose headers   'x-cache-hits': '1',
46 verbose headers   'x-timer': 'S1482909266.161580,VS0,VE0',
46 verbose headers   vary: 'Accept-Encoding' }
47 silly get cb [ 304,
47 silly get   { date: 'Wed, 28 Dec 2016 07:14:26 GMT',
47 silly get     via: '1.1 varnish',
47 silly get     'cache-control': 'max-age=300',
47 silly get     etag: 'W/"5824ff3e-f68f"',
47 silly get     age: '73',
47 silly get     connection: 'keep-alive',
47 silly get     'x-served-by': 'cache-nrt6127-NRT',
47 silly get     'x-cache': 'HIT',
47 silly get     'x-cache-hits': '1',
47 silly get     'x-timer': 'S1482909266.161580,VS0,VE0',
47 silly get     vary: 'Accept-Encoding' } ]
48 verbose etag https://registry.npmjs.org/hubot-slack from cache
49 verbose get saving hubot-slack to C:\Users\nwuser.DA\AppData\Roaming\npm-cache\registry.npmjs.org\hubot-slack\.cache.json
50 verbose correctMkdir C:\Users\nwuser.DA\AppData\Roaming\npm-cache correctMkdir not in flight; initializing
51 http 304 https://registry.npmjs.org/hubot-slack
52 verbose headers { date: 'Wed, 28 Dec 2016 07:14:26 GMT',
52 verbose headers   via: '1.1 varnish',
52 verbose headers   'cache-control': 'max-age=300',
52 verbose headers   etag: 'W/"5824ff3e-f68f"',
52 verbose headers   age: '73',
52 verbose headers   connection: 'keep-alive',
52 verbose headers   'x-served-by': 'cache-nrt6133-NRT',
52 verbose headers   'x-cache': 'HIT',
52 verbose headers   'x-cache-hits': '1',
52 verbose headers   'x-timer': 'S1482909266.162403,VS0,VE0',
52 verbose headers   vary: 'Accept-Encoding' }
53 silly get cb [ 304,
53 silly get   { date: 'Wed, 28 Dec 2016 07:14:26 GMT',
53 silly get     via: '1.1 varnish',
53 silly get     'cache-control': 'max-age=300',
53 silly get     etag: 'W/"5824ff3e-f68f"',
53 silly get     age: '73',
53 silly get     connection: 'keep-alive',
53 silly get     'x-served-by': 'cache-nrt6133-NRT',
53 silly get     'x-cache': 'HIT',
53 silly get     'x-cache-hits': '1',
53 silly get     'x-timer': 'S1482909266.162403,VS0,VE0',
53 silly get     vary: 'Accept-Encoding' } ]
54 verbose etag https://registry.npmjs.org/hubot-slack from cache
55 verbose get saving hubot-slack to C:\Users\nwuser.DA\AppData\Roaming\npm-cache\registry.npmjs.org\hubot-slack\.cache.json
56 verbose correctMkdir C:\Users\nwuser.DA\AppData\Roaming\npm-cache correctMkdir already in flight; waiting
57 http 404 https://registry.npmjs.org/node_moduleshubot-slack
58 verbose headers { 'content-type': 'application/json',
58 verbose headers   'cache-control': 'max-age=0',
58 verbose headers   'content-length': '2',
58 verbose headers   'accept-ranges': 'bytes',
58 verbose headers   date: 'Wed, 28 Dec 2016 07:14:26 GMT',
58 verbose headers   via: '1.1 varnish',
58 verbose headers   age: '0',
58 verbose headers   connection: 'keep-alive',
58 verbose headers   'x-served-by': 'cache-nrt6135-NRT',
58 verbose headers   'x-cache': 'MISS',
58 verbose headers   'x-cache-hits': '0',
58 verbose headers   'x-timer': 'S1482909266.162094,VS0,VE781',
58 verbose headers   vary: 'Accept-Encoding' }
59 silly get cb [ 404,
59 silly get   { 'content-type': 'application/json',
59 silly get     'cache-control': 'max-age=0',
59 silly get     'content-length': '2',
59 silly get     'accept-ranges': 'bytes',
59 silly get     date: 'Wed, 28 Dec 2016 07:14:26 GMT',
59 silly get     via: '1.1 varnish',
59 silly get     age: '0',
59 silly get     connection: 'keep-alive',
59 silly get     'x-served-by': 'cache-nrt6135-NRT',
59 silly get     'x-cache': 'MISS',
59 silly get     'x-cache-hits': '0',
59 silly get     'x-timer': 'S1482909266.162094,VS0,VE781',
59 silly get     vary: 'Accept-Encoding' } ]
60 silly fetchPackageMetaData Error: Registry returned 404 for GET on https://registry.npmjs.org/node_moduleshubot-slack
60 silly fetchPackageMetaData     at makeError (C:\Program Files (x86)\Nodist\bin\node_modules\npm\node_modules\npm-registry-client\lib\request.js:302:12)
60 silly fetchPackageMetaData     at CachingRegistryClient.<anonymous> (C:\Program Files (x86)\Nodist\bin\node_modules\npm\node_modules\npm-registry-client\lib\request.js:280:14)
60 silly fetchPackageMetaData     at Request._callback (C:\Program Files (x86)\Nodist\bin\node_modules\npm\node_modules\npm-registry-client\lib\request.js:210:14)
60 silly fetchPackageMetaData     at Request.self.callback (C:\Program Files (x86)\Nodist\bin\node_modules\npm\node_modules\request\request.js:186:22)
60 silly fetchPackageMetaData     at emitTwo (events.js:106:13)
60 silly fetchPackageMetaData     at Request.emit (events.js:191:7)
60 silly fetchPackageMetaData     at Request.<anonymous> (C:\Program Files (x86)\Nodist\bin\node_modules\npm\node_modules\request\request.js:1081:10)
60 silly fetchPackageMetaData     at emitOne (events.js:96:13)
60 silly fetchPackageMetaData     at Request.emit (events.js:188:7)
60 silly fetchPackageMetaData     at IncomingMessage.<anonymous> (C:\Program Files (x86)\Nodist\bin\node_modules\npm\node_modules\request\request.js:1001:12)
60 silly fetchPackageMetaData  error for node_moduleshubot-slack { Error: Registry returned 404 for GET on https://registry.npmjs.org/node_moduleshubot-slack
60 silly fetchPackageMetaData     at makeError (C:\Program Files (x86)\Nodist\bin\node_modules\npm\node_modules\npm-registry-client\lib\request.js:302:12)
60 silly fetchPackageMetaData     at CachingRegistryClient.<anonymous> (C:\Program Files (x86)\Nodist\bin\node_modules\npm\node_modules\npm-registry-client\lib\request.js:280:14)
60 silly fetchPackageMetaData     at Request._callback (C:\Program Files (x86)\Nodist\bin\node_modules\npm\node_modules\npm-registry-client\lib\request.js:210:14)
60 silly fetchPackageMetaData     at Request.self.callback (C:\Program Files (x86)\Nodist\bin\node_modules\npm\node_modules\request\request.js:186:22)
60 silly fetchPackageMetaData     at emitTwo (events.js:106:13)
60 silly fetchPackageMetaData     at Request.emit (events.js:191:7)
60 silly fetchPackageMetaData     at Request.<anonymous> (C:\Program Files (x86)\Nodist\bin\node_modules\npm\node_modules\request\request.js:1081:10)
60 silly fetchPackageMetaData     at emitOne (events.js:96:13)
60 silly fetchPackageMetaData     at Request.emit (events.js:188:7)
60 silly fetchPackageMetaData     at IncomingMessage.<anonymous> (C:\Program Files (x86)\Nodist\bin\node_modules\npm\node_modules\request\request.js:1001:12)
60 silly fetchPackageMetaData   pkgid: 'node_moduleshubot-slack',
60 silly fetchPackageMetaData   statusCode: 404,
60 silly fetchPackageMetaData   code: 'E404' }
61 silly rollbackFailedOptional Starting
62 silly rollbackFailedOptional Finishing
63 silly runTopLevelLifecycles Finishing
64 silly install printInstalled
65 verbose stack Error: Registry returned 404 for GET on https://registry.npmjs.org/node_moduleshubot-slack
65 verbose stack     at makeError (C:\Program Files (x86)\Nodist\bin\node_modules\npm\node_modules\npm-registry-client\lib\request.js:302:12)
65 verbose stack     at CachingRegistryClient.<anonymous> (C:\Program Files (x86)\Nodist\bin\node_modules\npm\node_modules\npm-registry-client\lib\request.js:280:14)
65 verbose stack     at Request._callback (C:\Program Files (x86)\Nodist\bin\node_modules\npm\node_modules\npm-registry-client\lib\request.js:210:14)
65 verbose stack     at Request.self.callback (C:\Program Files (x86)\Nodist\bin\node_modules\npm\node_modules\request\request.js:186:22)
65 verbose stack     at emitTwo (events.js:106:13)
65 verbose stack     at Request.emit (events.js:191:7)
65 verbose stack     at Request.<anonymous> (C:\Program Files (x86)\Nodist\bin\node_modules\npm\node_modules\request\request.js:1081:10)
65 verbose stack     at emitOne (events.js:96:13)
65 verbose stack     at Request.emit (events.js:188:7)
65 verbose stack     at IncomingMessage.<anonymous> (C:\Program Files (x86)\Nodist\bin\node_modules\npm\node_modules\request\request.js:1001:12)
66 verbose statusCode 404
67 verbose pkgid node_moduleshubot-slack
68 verbose cwd C:\nodist\bot
69 error Windows_NT 6.3.9600
70 error argv "C:\\Program Files\\nodejs\\node.exe" "C:\\Program Files (x86)\\Nodist\\bin\\node_modules\\npm\\bin\\npm-cli.js" "install" "hubot-slack" "--save" "hubot-slack@2.1.0" "node_moduleshubot-slack"
71 error node v7.3.0
72 error npm  v4.0.5
73 error code E404
74 error 404 Registry returned 404 for GET on https://registry.npmjs.org/node_moduleshubot-slack
75 error 404
76 error 404 'node_moduleshubot-slack' is not in the npm registry.
77 error 404 You should bug the author to publish it (or use the name yourself!)
78 error 404 Note that you can also install from a
79 error 404 tarball, folder, http url, or git url.
80 verbose exit [ 1, true ]
